17:49:48.364 INFO  [main] com.example.demo.ApplicationTests: Starting ApplicationTests on 刘智晴 with PID 11568 (started by 10977 in F:\IdeaProject\demo\demo-admin)
17:49:48.365 DEBUG [main] com.example.demo.ApplicationTests: Running with Spring Boot v1.5.8.RELEASE, Spring v4.3.12.RELEASE
17:49:48.366 INFO  [main] com.example.demo.ApplicationTests: The following profiles are active: default,dev
17:49:48.457 INFO  [main] org.springframework.web.context.support.GenericWebApplicationContext: Refreshing org.springframework.web.context.support.GenericWebApplicationContext@74f6c5d8: startup date [Wed Nov 29 17:49:48 CST 2017]; root of context hierarchy
17:49:49.822 INFO  [main] org.springframework.data.repository.config.RepositoryConfigurationDelegate: Multiple Spring Data modules found, entering strict repository configuration mode!
17:49:52.186 INFO  [main] com.alibaba.druid.pool.DruidDataSource: {dataSource-1} inited
17:49:53.460 INFO  [main] org.springframework.web.servlet.mvc.method.annotation.RequestMappingHandlerAdapter: Looking for @ControllerAdvice: org.springframework.web.context.support.GenericWebApplicationContext@74f6c5d8: startup date [Wed Nov 29 17:49:48 CST 2017]; root of context hierarchy
17:49:53.608 INFO  [main] org.springframework.web.servlet.mvc.method.annotation.RequestMappingHandlerMapping: Mapped "{[/api/user/count],methods=[GET]}" onto public org.springframework.http.ResponseEntity<com.example.demo.entity.common.Result> com.example.demo.api.UserApiController.count(com.example.demo.entity.User)
17:49:53.611 INFO  [main] org.springframework.web.servlet.mvc.method.annotation.RequestMappingHandlerMapping: Mapped "{[/api/user/{id} || /api/user/update],methods=[PUT]}" onto public org.springframework.http.ResponseEntity<com.example.demo.entity.common.Result> com.example.demo.api.UserApiController.update(com.example.demo.entity.User)
17:49:53.612 INFO  [main] org.springframework.web.servlet.mvc.method.annotation.RequestMappingHandlerMapping: Mapped "{[/api/user/{id} || /api/user/delete/{id}],methods=[DELETE]}" onto public org.springframework.http.ResponseEntity<com.example.demo.entity.common.Result> com.example.demo.api.UserApiController.delete(int)
17:49:53.612 INFO  [main] org.springframework.web.servlet.mvc.method.annotation.RequestMappingHandlerMapping: Mapped "{[/api/user || /api/user/create],methods=[POST]}" onto public org.springframework.http.ResponseEntity<com.example.demo.entity.common.Result> com.example.demo.api.UserApiController.create(com.example.demo.entity.User)
17:49:53.613 INFO  [main] org.springframework.web.servlet.mvc.method.annotation.RequestMappingHandlerMapping: Mapped "{[/api/user || /api/user/query],methods=[GET]}" onto public org.springframework.http.ResponseEntity<com.example.demo.entity.common.PageResult> com.example.demo.api.UserApiController.query(com.baomidou.mybatisplus.plugins.Page<com.example.demo.entity.User>,com.example.demo.entity.User)
17:49:53.619 INFO  [main] org.springframework.web.servlet.mvc.method.annotation.RequestMappingHandlerMapping: Mapped "{[/error]}" onto public org.springframework.http.ResponseEntity<java.util.Map<java.lang.String, java.lang.Object>> org.springframework.boot.autoconfigure.web.BasicErrorController.error(javax.servlet.http.HttpServletRequest)
17:49:53.621 INFO  [main] org.springframework.web.servlet.mvc.method.annotation.RequestMappingHandlerMapping: Mapped "{[/error],produces=[text/html]}" onto public org.springframework.web.servlet.ModelAndView org.springframework.boot.autoconfigure.web.BasicErrorController.errorHtml(javax.servlet.http.HttpServletRequest,javax.servlet.http.HttpServletResponse)
17:49:53.678 INFO  [main] org.springframework.web.servlet.handler.SimpleUrlHandlerMapping: Mapped URL path [/webjars/**] onto handler of type [class org.springframework.web.servlet.resource.ResourceHttpRequestHandler]
17:49:53.679 INFO  [main] org.springframework.web.servlet.handler.SimpleUrlHandlerMapping: Mapped URL path [/**] onto handler of type [class org.springframework.web.servlet.resource.ResourceHttpRequestHandler]
17:49:54.348 INFO  [main] com.example.demo.ApplicationTests: Started ApplicationTests in 7.739 seconds (JVM running for 9.162)
17:49:54.423 INFO  [Thread-6] org.springframework.web.context.support.GenericWebApplicationContext: Closing org.springframework.web.context.support.GenericWebApplicationContext@74f6c5d8: startup date [Wed Nov 29 17:49:48 CST 2017]; root of context hierarchy
17:50:42.771 INFO  [main] com.example.demo.ApplicationTests: Starting ApplicationTests on 刘智晴 with PID 11400 (started by 10977 in F:\IdeaProject\demo\demo-admin)
17:50:42.772 DEBUG [main] com.example.demo.ApplicationTests: Running with Spring Boot v1.5.8.RELEASE, Spring v4.3.12.RELEASE
17:50:42.773 INFO  [main] com.example.demo.ApplicationTests: The following profiles are active: default,dev
17:50:42.839 INFO  [main] org.springframework.web.context.support.GenericWebApplicationContext: Refreshing org.springframework.web.context.support.GenericWebApplicationContext@74f6c5d8: startup date [Wed Nov 29 17:50:42 CST 2017]; root of context hierarchy
17:50:44.148 INFO  [main] org.springframework.data.repository.config.RepositoryConfigurationDelegate: Multiple Spring Data modules found, entering strict repository configuration mode!
17:50:47.420 INFO  [main] com.alibaba.druid.pool.DruidDataSource: {dataSource-1} inited
17:50:48.685 INFO  [main] org.springframework.web.servlet.mvc.method.annotation.RequestMappingHandlerAdapter: Looking for @ControllerAdvice: org.springframework.web.context.support.GenericWebApplicationContext@74f6c5d8: startup date [Wed Nov 29 17:50:42 CST 2017]; root of context hierarchy
17:50:48.831 INFO  [main] org.springframework.web.servlet.mvc.method.annotation.RequestMappingHandlerMapping: Mapped "{[/api/user/count],methods=[GET]}" onto public org.springframework.http.ResponseEntity<com.example.demo.entity.common.Result> com.example.demo.api.UserApiController.count(com.example.demo.entity.User)
17:50:48.834 INFO  [main] org.springframework.web.servlet.mvc.method.annotation.RequestMappingHandlerMapping: Mapped "{[/api/user/{id} || /api/user/update],methods=[PUT]}" onto public org.springframework.http.ResponseEntity<com.example.demo.entity.common.Result> com.example.demo.api.UserApiController.update(com.example.demo.entity.User)
17:50:48.835 INFO  [main] org.springframework.web.servlet.mvc.method.annotation.RequestMappingHandlerMapping: Mapped "{[/api/user/{id} || /api/user/delete/{id}],methods=[DELETE]}" onto public org.springframework.http.ResponseEntity<com.example.demo.entity.common.Result> com.example.demo.api.UserApiController.delete(int)
17:50:48.836 INFO  [main] org.springframework.web.servlet.mvc.method.annotation.RequestMappingHandlerMapping: Mapped "{[/api/user || /api/user/create],methods=[POST]}" onto public org.springframework.http.ResponseEntity<com.example.demo.entity.common.Result> com.example.demo.api.UserApiController.create(com.example.demo.entity.User)
17:50:48.838 INFO  [main] org.springframework.web.servlet.mvc.method.annotation.RequestMappingHandlerMapping: Mapped "{[/api/user || /api/user/query],methods=[GET]}" onto public org.springframework.http.ResponseEntity<com.example.demo.entity.common.PageResult> com.example.demo.api.UserApiController.query(com.baomidou.mybatisplus.plugins.Page<com.example.demo.entity.User>,com.example.demo.entity.User)
17:50:48.842 INFO  [main] org.springframework.web.servlet.mvc.method.annotation.RequestMappingHandlerMapping: Mapped "{[/error]}" onto public org.springframework.http.ResponseEntity<java.util.Map<java.lang.String, java.lang.Object>> org.springframework.boot.autoconfigure.web.BasicErrorController.error(javax.servlet.http.HttpServletRequest)
17:50:48.842 INFO  [main] org.springframework.web.servlet.mvc.method.annotation.RequestMappingHandlerMapping: Mapped "{[/error],produces=[text/html]}" onto public org.springframework.web.servlet.ModelAndView org.springframework.boot.autoconfigure.web.BasicErrorController.errorHtml(javax.servlet.http.HttpServletRequest,javax.servlet.http.HttpServletResponse)
17:50:48.916 INFO  [main] org.springframework.web.servlet.handler.SimpleUrlHandlerMapping: Mapped URL path [/webjars/**] onto handler of type [class org.springframework.web.servlet.resource.ResourceHttpRequestHandler]
17:50:48.916 INFO  [main] org.springframework.web.servlet.handler.SimpleUrlHandlerMapping: Mapped URL path [/**] onto handler of type [class org.springframework.web.servlet.resource.ResourceHttpRequestHandler]
17:50:49.770 INFO  [main] com.example.demo.ApplicationTests: Started ApplicationTests in 8.852 seconds (JVM running for 10.301)
17:55:44.332 INFO  [main] com.example.demo.ApplicationTests: Starting ApplicationTests on 刘智晴 with PID 3264 (started by 10977 in F:\IdeaProject\demo\demo-admin)
17:55:44.334 DEBUG [main] com.example.demo.ApplicationTests: Running with Spring Boot v1.5.8.RELEASE, Spring v4.3.12.RELEASE
17:55:44.334 INFO  [main] com.example.demo.ApplicationTests: The following profiles are active: default,dev
17:55:44.530 INFO  [main] org.springframework.web.context.support.GenericWebApplicationContext: Refreshing org.springframework.web.context.support.GenericWebApplicationContext@471a9022: startup date [Wed Nov 29 17:55:44 CST 2017]; root of context hierarchy
17:55:46.417 INFO  [main] org.springframework.data.repository.config.RepositoryConfigurationDelegate: Multiple Spring Data modules found, entering strict repository configuration mode!
17:55:48.907 INFO  [main] com.alibaba.druid.pool.DruidDataSource: {dataSource-1} inited
17:55:50.314 INFO  [main] org.springframework.web.servlet.mvc.method.annotation.RequestMappingHandlerAdapter: Looking for @ControllerAdvice: org.springframework.web.context.support.GenericWebApplicationContext@471a9022: startup date [Wed Nov 29 17:55:44 CST 2017]; root of context hierarchy
17:55:50.482 INFO  [main] org.springframework.web.servlet.mvc.method.annotation.RequestMappingHandlerMapping: Mapped "{[/api/user/count],methods=[GET]}" onto public org.springframework.http.ResponseEntity<com.example.demo.entity.common.Result> com.example.demo.api.UserApiController.count(com.example.demo.entity.User)
17:55:50.484 INFO  [main] org.springframework.web.servlet.mvc.method.annotation.RequestMappingHandlerMapping: Mapped "{[/api/user/{id} || /api/user/update],methods=[PUT]}" onto public org.springframework.http.ResponseEntity<com.example.demo.entity.common.Result> com.example.demo.api.UserApiController.update(com.example.demo.entity.User)
17:55:50.485 INFO  [main] org.springframework.web.servlet.mvc.method.annotation.RequestMappingHandlerMapping: Mapped "{[/api/user/{id} || /api/user/delete/{id}],methods=[DELETE]}" onto public org.springframework.http.ResponseEntity<com.example.demo.entity.common.Result> com.example.demo.api.UserApiController.delete(int)
17:55:50.486 INFO  [main] org.springframework.web.servlet.mvc.method.annotation.RequestMappingHandlerMapping: Mapped "{[/api/user || /api/user/create],methods=[POST]}" onto public org.springframework.http.ResponseEntity<com.example.demo.entity.common.Result> com.example.demo.api.UserApiController.create(com.example.demo.entity.User)
17:55:50.487 INFO  [main] org.springframework.web.servlet.mvc.method.annotation.RequestMappingHandlerMapping: Mapped "{[/api/user || /api/user/query],methods=[GET]}" onto public org.springframework.http.ResponseEntity<com.example.demo.entity.common.PageResult> com.example.demo.api.UserApiController.query(com.baomidou.mybatisplus.plugins.Page<com.example.demo.entity.User>,com.example.demo.entity.User)
17:55:50.491 INFO  [main] org.springframework.web.servlet.mvc.method.annotation.RequestMappingHandlerMapping: Mapped "{[/error]}" onto public org.springframework.http.ResponseEntity<java.util.Map<java.lang.String, java.lang.Object>> org.springframework.boot.autoconfigure.web.BasicErrorController.error(javax.servlet.http.HttpServletRequest)
17:55:50.492 INFO  [main] org.springframework.web.servlet.mvc.method.annotation.RequestMappingHandlerMapping: Mapped "{[/error],produces=[text/html]}" onto public org.springframework.web.servlet.ModelAndView org.springframework.boot.autoconfigure.web.BasicErrorController.errorHtml(javax.servlet.http.HttpServletRequest,javax.servlet.http.HttpServletResponse)
17:55:50.557 INFO  [main] org.springframework.web.servlet.handler.SimpleUrlHandlerMapping: Mapped URL path [/webjars/**] onto handler of type [class org.springframework.web.servlet.resource.ResourceHttpRequestHandler]
17:55:50.557 INFO  [main] org.springframework.web.servlet.handler.SimpleUrlHandlerMapping: Mapped URL path [/**] onto handler of type [class org.springframework.web.servlet.resource.ResourceHttpRequestHandler]
17:55:51.350 INFO  [main] com.example.demo.ApplicationTests: Started ApplicationTests in 9.009 seconds (JVM running for 10.484)
17:55:51.524 DEBUG [main] com.example.demo.mapper.UserMapper.findUserList: ==>  Preparing: SELECT * FROM user 
17:55:51.723 DEBUG [main] com.example.demo.mapper.UserMapper.findUserList: ==> Parameters: 
17:55:51.752 DEBUG [main] com.example.demo.mapper.UserMapper.findUserList: <==      Total: 1
17:55:51.762 INFO  [Thread-6] org.springframework.web.context.support.GenericWebApplicationContext: Closing org.springframework.web.context.support.GenericWebApplicationContext@471a9022: startup date [Wed Nov 29 17:55:44 CST 2017]; root of context hierarchy
17:55:51.777 INFO  [Thread-6] com.alibaba.druid.pool.DruidDataSource: {dataSource-1} closed
