17:28:26.098 INFO  [restartedMain] com.example.demo.Application: Starting Application on 刘智晴 with PID 8100 (F:\IdeaProject\demo\demo-admin\target\classes started by 10977 in F:\IdeaProject\demo)
17:28:26.099 DEBUG [restartedMain] com.example.demo.Application: Running with Spring Boot v1.5.8.RELEASE, Spring v4.3.12.RELEASE
17:28:26.100 INFO  [restartedMain] com.example.demo.Application: The following profiles are active: default,dev
17:28:26.175 INFO  [restartedMain] org.springframework.boot.context.embedded.AnnotationConfigEmbeddedWebApplicationContext: Refreshing org.springframework.boot.context.embedded.AnnotationConfigEmbeddedWebApplicationContext@1145970f: startup date [Wed Nov 29 17:28:26 CST 2017]; root of context hierarchy
17:28:27.409 INFO  [restartedMain] org.springframework.data.repository.config.RepositoryConfigurationDelegate: Multiple Spring Data modules found, entering strict repository configuration mode!
17:28:28.407 INFO  [restartedMain] org.springframework.boot.context.embedded.tomcat.TomcatEmbeddedServletContainer: Tomcat initialized with port(s): 8000 (http)
17:28:28.419 INFO  [restartedMain] org.apache.catalina.core.StandardService: Starting service [Tomcat]
17:28:28.420 INFO  [restartedMain] org.apache.catalina.core.StandardEngine: Starting Servlet Engine: Apache Tomcat/8.5.23
17:28:28.554 INFO  [localhost-startStop-1] org.apache.catalina.core.ContainerBase.[Tomcat].[localhost].[/]: Initializing Spring embedded WebApplicationContext
17:28:28.554 INFO  [localhost-startStop-1] org.springframework.web.context.ContextLoader: Root WebApplicationContext: initialization completed in 2379 ms
17:28:28.800 INFO  [localhost-startStop-1] org.springframework.boot.web.servlet.ServletRegistrationBean: Mapping servlet: 'statViewServlet' to [/druid/*]
17:28:28.802 INFO  [localhost-startStop-1] org.springframework.boot.web.servlet.ServletRegistrationBean: Mapping servlet: 'dispatcherServlet' to [/]
17:28:28.806 INFO  [localhost-startStop-1] org.springframework.boot.web.servlet.FilterRegistrationBean: Mapping filter: 'characterEncodingFilter' to: [/*]
17:28:28.807 INFO  [localhost-startStop-1] org.springframework.boot.web.servlet.FilterRegistrationBean: Mapping filter: 'hiddenHttpMethodFilter' to: [/*]
17:28:28.807 INFO  [localhost-startStop-1] org.springframework.boot.web.servlet.FilterRegistrationBean: Mapping filter: 'httpPutFormContentFilter' to: [/*]
17:28:28.807 INFO  [localhost-startStop-1] org.springframework.boot.web.servlet.FilterRegistrationBean: Mapping filter: 'requestContextFilter' to: [/*]
17:28:28.807 INFO  [localhost-startStop-1] org.springframework.boot.web.servlet.FilterRegistrationBean: Mapping filter: 'webStatFilter' to urls: [/*]
17:28:29.663 INFO  [restartedMain] com.alibaba.druid.pool.DruidDataSource: {dataSource-1} inited
17:28:30.405 INFO  [restartedMain] org.springframework.web.servlet.mvc.method.annotation.RequestMappingHandlerAdapter: Looking for @ControllerAdvice: org.springframework.boot.context.embedded.AnnotationConfigEmbeddedWebApplicationContext@1145970f: startup date [Wed Nov 29 17:28:26 CST 2017]; root of context hierarchy
17:28:30.491 INFO  [restartedMain] org.springframework.web.servlet.mvc.method.annotation.RequestMappingHandlerMapping: Mapped "{[/api/user/count],methods=[GET]}" onto public org.springframework.http.ResponseEntity<com.example.demo.entity.common.Result> com.example.demo.api.UserApiController.count(com.example.demo.entity.User)
17:28:30.492 INFO  [restartedMain] org.springframework.web.servlet.mvc.method.annotation.RequestMappingHandlerMapping: Mapped "{[/api/user/{id} || /api/user/update],methods=[PUT]}" onto public org.springframework.http.ResponseEntity<com.example.demo.entity.common.Result> com.example.demo.api.UserApiController.update(com.example.demo.entity.User)
17:28:30.493 INFO  [restartedMain] org.springframework.web.servlet.mvc.method.annotation.RequestMappingHandlerMapping: Mapped "{[/api/user/{id} || /api/user/delete/{id}],methods=[DELETE]}" onto public org.springframework.http.ResponseEntity<com.example.demo.entity.common.Result> com.example.demo.api.UserApiController.delete(int)
17:28:30.493 INFO  [restartedMain] org.springframework.web.servlet.mvc.method.annotation.RequestMappingHandlerMapping: Mapped "{[/api/user || /api/user/create],methods=[POST]}" onto public org.springframework.http.ResponseEntity<com.example.demo.entity.common.Result> com.example.demo.api.UserApiController.create(com.example.demo.entity.User)
17:28:30.494 INFO  [restartedMain] org.springframework.web.servlet.mvc.method.annotation.RequestMappingHandlerMapping: Mapped "{[/api/user || /api/user/query],methods=[GET]}" onto public org.springframework.http.ResponseEntity<com.example.demo.entity.common.PageResult> com.example.demo.api.UserApiController.query(com.baomidou.mybatisplus.plugins.Page<com.example.demo.entity.User>,com.example.demo.entity.User)
17:28:30.497 INFO  [restartedMain] org.springframework.web.servlet.mvc.method.annotation.RequestMappingHandlerMapping: Mapped "{[/error]}" onto public org.springframework.http.ResponseEntity<java.util.Map<java.lang.String, java.lang.Object>> org.springframework.boot.autoconfigure.web.BasicErrorController.error(javax.servlet.http.HttpServletRequest)
17:28:30.498 INFO  [restartedMain] org.springframework.web.servlet.mvc.method.annotation.RequestMappingHandlerMapping: Mapped "{[/error],produces=[text/html]}" onto public org.springframework.web.servlet.ModelAndView org.springframework.boot.autoconfigure.web.BasicErrorController.errorHtml(javax.servlet.http.HttpServletRequest,javax.servlet.http.HttpServletResponse)
17:28:30.540 INFO  [restartedMain] org.springframework.web.servlet.handler.SimpleUrlHandlerMapping: Mapped URL path [/webjars/**] onto handler of type [class org.springframework.web.servlet.resource.ResourceHttpRequestHandler]
17:28:30.540 INFO  [restartedMain] org.springframework.web.servlet.handler.SimpleUrlHandlerMapping: Mapped URL path [/**] onto handler of type [class org.springframework.web.servlet.resource.ResourceHttpRequestHandler]
17:28:31.264 INFO  [restartedMain] org.springframework.jmx.export.annotation.AnnotationMBeanExporter: Registering beans for JMX exposure on startup
17:28:31.265 INFO  [restartedMain] org.springframework.jmx.export.annotation.AnnotationMBeanExporter: Bean with name 'masterDataSource' has been autodetected for JMX exposure
17:28:31.271 INFO  [restartedMain] org.springframework.jmx.export.annotation.AnnotationMBeanExporter: Located MBean 'masterDataSource': registering with JMX server as MBean [com.alibaba.druid.pool:name=masterDataSource,type=DruidDataSource]
17:28:31.350 INFO  [restartedMain] org.springframework.boot.context.embedded.tomcat.TomcatEmbeddedServletContainer: Tomcat started on port(s): 8000 (http)
17:28:31.358 INFO  [restartedMain] com.example.demo.Application: Started Application in 6.276 seconds (JVM running for 8.157)
